{"C:\\Users\\rouna\\Desktop\\Nodejs_intro\\The Reddit Gallery\\list_subreddits.js": {"path":"C:\\Users\\rouna\\Desktop\\Nodejs_intro\\The Reddit Gallery\\list_subreddits.js","statementMap":{"0":{"start":{"line":1,"column":14},"end":{"line":1,"column":30}},"1":{"start":{"line":2,"column":15},"end":{"line":2,"column":32}},"2":{"start":{"line":3,"column":0},"end":{"line":3,"column":16}},"3":{"start":{"line":5,"column":0},"end":{"line":5,"column":58}},"4":{"start":{"line":6,"column":0},"end":{"line":6,"column":66}},"5":{"start":{"line":7,"column":0},"end":{"line":7,"column":56}},"6":{"start":{"line":8,"column":0},"end":{"line":8,"column":56}},"7":{"start":{"line":11,"column":15},"end":{"line":11,"column":120}},"8":{"start":{"line":12,"column":18},"end":{"line":21,"column":3}},"9":{"start":{"line":23,"column":19},"end":{"line":23,"column":124}},"10":{"start":{"line":25,"column":2},"end":{"line":46,"column":5}},"11":{"start":{"line":26,"column":16},"end":{"line":38,"column":6}},"12":{"start":{"line":27,"column":17},"end":{"line":27,"column":19}},"13":{"start":{"line":28,"column":6},"end":{"line":30,"column":9}},"14":{"start":{"line":29,"column":8},"end":{"line":29,"column":22}},"15":{"start":{"line":31,"column":6},"end":{"line":37,"column":9}},"16":{"start":{"line":32,"column":8},"end":{"line":36,"column":9}},"17":{"start":{"line":33,"column":10},"end":{"line":33,"column":49}},"18":{"start":{"line":35,"column":10},"end":{"line":35,"column":67}},"19":{"start":{"line":40,"column":4},"end":{"line":42,"column":7}},"20":{"start":{"line":41,"column":6},"end":{"line":41,"column":16}},"21":{"start":{"line":44,"column":4},"end":{"line":44,"column":24}},"22":{"start":{"line":45,"column":4},"end":{"line":45,"column":14}},"23":{"start":{"line":50,"column":2},"end":{"line":86,"column":3}},"24":{"start":{"line":51,"column":18},"end":{"line":51,"column":40}},"25":{"start":{"line":52,"column":20},"end":{"line":60,"column":5}},"26":{"start":{"line":62,"column":4},"end":{"line":82,"column":7}},"27":{"start":{"line":63,"column":18},"end":{"line":75,"column":8}},"28":{"start":{"line":64,"column":19},"end":{"line":64,"column":21}},"29":{"start":{"line":65,"column":8},"end":{"line":67,"column":11}},"30":{"start":{"line":66,"column":10},"end":{"line":66,"column":24}},"31":{"start":{"line":68,"column":8},"end":{"line":74,"column":11}},"32":{"start":{"line":69,"column":10},"end":{"line":73,"column":11}},"33":{"start":{"line":70,"column":12},"end":{"line":70,"column":38}},"34":{"start":{"line":72,"column":12},"end":{"line":72,"column":68}},"35":{"start":{"line":77,"column":6},"end":{"line":79,"column":9}},"36":{"start":{"line":78,"column":8},"end":{"line":78,"column":18}},"37":{"start":{"line":81,"column":6},"end":{"line":81,"column":16}},"38":{"start":{"line":84,"column":4},"end":{"line":84,"column":43}},"39":{"start":{"line":85,"column":4},"end":{"line":85,"column":67}},"40":{"start":{"line":89,"column":0},"end":{"line":89,"column":32}}},"fnMap":{"0":{"name":"getAccessToken","decl":{"start":{"line":10,"column":15},"end":{"line":10,"column":29}},"loc":{"start":{"line":10,"column":32},"end":{"line":47,"column":1}},"line":10},"1":{"name":"(anonymous_1)","decl":{"start":{"line":25,"column":21},"end":{"line":25,"column":22}},"loc":{"start":{"line":25,"column":42},"end":{"line":46,"column":3}},"line":25},"2":{"name":"(anonymous_2)","decl":{"start":{"line":26,"column":39},"end":{"line":26,"column":40}},"loc":{"start":{"line":26,"column":48},"end":{"line":38,"column":5}},"line":26},"3":{"name":"(anonymous_3)","decl":{"start":{"line":28,"column":21},"end":{"line":28,"column":22}},"loc":{"start":{"line":28,"column":32},"end":{"line":30,"column":7}},"line":28},"4":{"name":"(anonymous_4)","decl":{"start":{"line":31,"column":20},"end":{"line":31,"column":21}},"loc":{"start":{"line":31,"column":26},"end":{"line":37,"column":7}},"line":31},"5":{"name":"(anonymous_5)","decl":{"start":{"line":40,"column":20},"end":{"line":40,"column":21}},"loc":{"start":{"line":40,"column":27},"end":{"line":42,"column":5}},"line":40},"6":{"name":"listSubreddits","decl":{"start":{"line":49,"column":15},"end":{"line":49,"column":29}},"loc":{"start":{"line":49,"column":45},"end":{"line":87,"column":1}},"line":49},"7":{"name":"(anonymous_7)","decl":{"start":{"line":62,"column":23},"end":{"line":62,"column":24}},"loc":{"start":{"line":62,"column":44},"end":{"line":82,"column":5}},"line":62},"8":{"name":"(anonymous_8)","decl":{"start":{"line":63,"column":41},"end":{"line":63,"column":42}},"loc":{"start":{"line":63,"column":50},"end":{"line":75,"column":7}},"line":63},"9":{"name":"(anonymous_9)","decl":{"start":{"line":65,"column":23},"end":{"line":65,"column":24}},"loc":{"start":{"line":65,"column":34},"end":{"line":67,"column":9}},"line":65},"10":{"name":"(anonymous_10)","decl":{"start":{"line":68,"column":22},"end":{"line":68,"column":23}},"loc":{"start":{"line":68,"column":28},"end":{"line":74,"column":9}},"line":68},"11":{"name":"(anonymous_11)","decl":{"start":{"line":77,"column":22},"end":{"line":77,"column":23}},"loc":{"start":{"line":77,"column":29},"end":{"line":79,"column":7}},"line":77}},"branchMap":{"0":{"loc":{"start":{"line":32,"column":8},"end":{"line":36,"column":9}},"type":"if","locations":[{"start":{"line":32,"column":8},"end":{"line":36,"column":9}},{"start":{"line":34,"column":15},"end":{"line":36,"column":9}}],"line":32},"1":{"loc":{"start":{"line":69,"column":10},"end":{"line":73,"column":11}},"type":"if","locations":[{"start":{"line":69,"column":10},"end":{"line":73,"column":11}},{"start":{"line":71,"column":17},"end":{"line":73,"column":11}}],"line":69}},"s":{"0":1,"1":1,"2":1,"3":1,"4":1,"5":1,"6":1,"7":1,"8":1,"9":1,"10":1,"11":1,"12":1,"13":1,"14":1,"15":1,"16":1,"17":1,"18":0,"19":1,"20":0,"21":1,"22":1,"23":1,"24":1,"25":1,"26":1,"27":1,"28":1,"29":1,"30":2,"31":1,"32":1,"33":0,"34":1,"35":1,"36":0,"37":1,"38":0,"39":0,"40":1},"f":{"0":1,"1":1,"2":1,"3":1,"4":1,"5":0,"6":1,"7":1,"8":1,"9":2,"10":1,"11":0},"b":{"0":[1,0],"1":[0,1]},"_coverageSchema":"1a1c01bbd47fc00a2c39e90264f33305004495a9","hash":"1e33c1daf2478cc0ccace4d9bac641723b3e455d"}
}
